This file contains any messages produced by compilers while
running configure, to aid debugging if configure makes a mistake.

It was created by libjpeg configure 9.1.0, which was
generated by GNU Autoconf 2.69.  Invocation command line was

  $ ./configure --prefix=/home/gaifw/桌面/jpeg/arm_jpeg CC=arm-linux-gcc --host=arm-linux --enable-shared --enable-static

## --------- ##
## Platform. ##
## --------- ##

hostname = gaifw-virtual-machine
uname -m = x86_64
uname -r = 5.4.0-42-generic
uname -s = Linux
uname -v = #46-Ubuntu SMP Fri Jul 10 00:24:02 UTC 2020

/usr/bin/uname -p = x86_64
/bin/uname -X     = unknown

/bin/arch              = x86_64
/usr/bin/arch -k       = unknown
/usr/convex/getsysinfo = unknown
/usr/bin/hostinfo      = unknown
/bin/machine           = unknown
/usr/bin/oslevel       = unknown
/bin/universe          = unknown

PATH: /usr/local/sbin
PATH: /usr/local/bin
PATH: /usr/sbin
PATH: /usr/bin
PATH: /sbin
PATH: /bin
PATH: /snap/bin
PATH: /opt/TuxamitoSoftToolchains/arm-arm1176jzfssf-linux-gnueabi/gcc-4.6.4/bin


## ----------- ##
## Core tests. ##
## ----------- ##

configure:2260: checking build system type
configure:2274: result: x86_64-unknown-linux-gnu
configure:2294: checking host system type
configure:2307: result: arm-unknown-linux-gnu
configure:2327: checking target system type
configure:2340: result: arm-unknown-linux-gnu
configure:2385: checking for a BSD-compatible install
configure:2453: result: /usr/bin/install -c
configure:2464: checking whether build environment is sane
configure:2519: result: yes
configure:2576: checking for arm-linux-strip
configure:2592: found /opt/TuxamitoSoftToolchains/arm-arm1176jzfssf-linux-gnueabi/gcc-4.6.4/bin/arm-linux-strip
configure:2603: result: arm-linux-strip
configure:2668: checking for a thread-safe mkdir -p
configure:2707: result: /usr/bin/mkdir -p
configure:2714: checking for gawk
configure:2744: result: no
configure:2714: checking for mawk
configure:2730: found /usr/bin/mawk
configure:2741: result: mawk
configure:2752: checking whether make sets $(MAKE)
configure:2774: result: yes
configure:2803: checking whether make supports nested variables
configure:2820: result: yes
configure:2960: checking whether make supports nested variables
configure:2977: result: yes
configure:2993: checking whether to enable maintainer-specific portions of Makefiles
configure:3002: result: no
configure:3025: checking for arm-linux-gcc
configure:3052: result: arm-linux-gcc
configure:3321: checking for C compiler version
configure:3330: arm-linux-gcc --version >&5
arm-linux-gcc (crosstool-NG hg+unknown-20130521.154019 - tc0002) 4.6.4
Copyright (C) 2011 Free Software Foundation, Inc.
This is free software; see the source for copying conditions.  There is NO
warranty; not even for MERCHANTABILITY or FITNESS FOR A PARTICULAR PURPOSE.

configure:3341: $? = 0
configure:3330: arm-linux-gcc -v >&5
Using built-in specs.
COLLECT_GCC=arm-linux-gcc
COLLECT_LTO_WRAPPER=/opt/TuxamitoSoftToolchains/arm-arm1176jzfssf-linux-gnueabi/gcc-4.6.4/libexec/gcc/arm-arm1176jzfssf-linux-gnueabi/4.6.4/lto-wrapper
Target: arm-arm1176jzfssf-linux-gnueabi
Configured with: /work/builddir/src/gcc-4.6.4/configure --build=x86_64-build_unknown-linux-gnu --host=x86_64-build_unknown-linux-gnu --target=arm-arm1176jzfssf-linux-gnueabi --prefix=/opt/TuxamitoSoftToolchains/arm-arm1176jzfssf-linux-gnueabi/gcc-4.6.4 --with-sysroot=/opt/TuxamitoSoftToolchains/arm-arm1176jzfssf-linux-gnueabi/gcc-4.6.4/arm-arm1176jzfssf-linux-gnueabi/sysroot --enable-languages=c,c++ --with-arch=armv6zk --with-cpu=arm1176jzf-s --with-tune=arm1176jzf-s --with-fpu=vfp --with-float=softfp --with-pkgversion='crosstool-NG hg+unknown-20130521.154019 - tc0002' --disable-sjlj-exceptions --enable-__cxa_atexit --disable-libmudflap --disable-libgomp --disable-libssp --disable-libquadmath --disable-libquadmath-support --with-gmp=/work/builddir/arm-arm1176jzfssf-linux-gnueabi/buildtools --with-mpfr=/work/builddir/arm-arm1176jzfssf-linux-gnueabi/buildtools --with-mpc=/work/builddir/arm-arm1176jzfssf-linux-gnueabi/buildtools --with-ppl=/work/builddir/arm-arm1176jzfssf-linux-gnueabi/buildtools --with-cloog=/work/builddir/arm-arm1176jzfssf-linux-gnueabi/buildtools --with-libelf=/work/builddir/arm-arm1176jzfssf-linux-gnueabi/buildtools --with-host-libstdcxx='-static-libgcc -Wl,-Bstatic,-lstdc++,-Bdynamic -lm' --enable-threads=posix --enable-target-optspace --without-long-double-128 --disable-nls --disable-multilib --with-local-prefix=/opt/TuxamitoSoftToolchains/arm-arm1176jzfssf-linux-gnueabi/gcc-4.6.4/arm-arm1176jzfssf-linux-gnueabi/sysroot --enable-c99 --enable-long-long
Thread model: posix
gcc version 4.6.4 (crosstool-NG hg+unknown-20130521.154019 - tc0002) 
configure:3341: $? = 0
configure:3330: arm-linux-gcc -V >&5
arm-linux-gcc: error: unrecognized option '-V'
arm-linux-gcc: fatal error: no input files
compilation terminated.
configure:3341: $? = 1
configure:3330: arm-linux-gcc -qversion >&5
arm-linux-gcc: error: unrecognized option '-qversion'
arm-linux-gcc: fatal error: no input files
compilation terminated.
configure:3341: $? = 1
configure:3361: checking whether the C compiler works
configure:3383: arm-linux-gcc    conftest.c  >&5
configure:3387: $? = 0
configure:3435: result: yes
configure:3438: checking for C compiler default output file name
configure:3440: result: a.out
configure:3446: checking for suffix of executables
configure:3453: arm-linux-gcc -o conftest    conftest.c  >&5
configure:3457: $? = 0
configure:3479: result: 
configure:3501: checking whether we are cross compiling
configure:3509: arm-linux-gcc -o conftest    conftest.c  >&5
configure:3513: $? = 0
configure:3520: ./conftest
./configure: line 3522: ./conftest: cannot execute binary file: Exec format error
configure:3524: $? = 126
configure:3512: result: yes
configure:3517: checking for suffix of object files
configure:3539: arm-linux-gcc -c   conftest.c >&5
configure:3543: $? = 0
configure:3564: result: o
configure:3568: checking whether we are using the GNU C compiler
configure:3587: arm-linux-gcc -c   conftest.c >&5
configure:3587: $? = 0
configure:3596: result: yes
configure:3605: checking whether arm-linux-gcc accepts -g
configure:3625: arm-linux-gcc -c -g  conftest.c >&5
configure:3625: $? = 0
configure:3666: result: yes
configure:3683: checking for arm-linux-gcc option to accept ISO C89
configure:3746: arm-linux-gcc  -c -g -O2  conftest.c >&5
configure:3746: $? = 0
configure:3759: result: none needed
configure:3784: checking whether arm-linux-gcc understands -c and -o together
configure:3806: arm-linux-gcc -c conftest.c -o conftest2.o
configure:3809: $? = 0
configure:3806: arm-linux-gcc -c conftest.c -o conftest2.o
configure:3809: $? = 0
configure:3821: result: yes
configure:3849: checking for style of include used by make
configure:3877: result: GNU
configure:3903: checking dependency style of arm-linux-gcc
configure:4014: result: gcc3
configure:4033: checking for arm-linux-gcc option to accept ISO C99
configure:4182: arm-linux-gcc  -c -g -O2  conftest.c >&5
conftest.c:61:29: error: expected ';', ',' or ')' before 'text'
conftest.c: In function 'main':
conftest.c:115:18: error: expected '=', ',', ';', 'asm' or '__attribute__' before 'newvar'
conftest.c:115:18: error: 'newvar' undeclared (first use in this function)
conftest.c:115:18: note: each undeclared identifier is reported only once for each function it appears in
conftest.c:125:3: error: 'for' loop initial declarations are only allowed in C99 mode
conftest.c:125:3: note: use option -std=c99 or -std=gnu99 to compile your code
configure:4182: $? = 1
configure: failed program was:
| /* confdefs.h */
| #define PACKAGE_NAME "libjpeg"
| #define PACKAGE_TARNAME "libjpeg"
| #define PACKAGE_VERSION "9.1.0"
| #define PACKAGE_STRING "libjpeg 9.1.0"
| #define PACKAGE_BUGREPORT ""
| #define PACKAGE_URL ""
| #define PACKAGE "libjpeg"
| #define VERSION "9.1.0"
| /* end confdefs.h.  */
| #include <stdarg.h>
| #include <stdbool.h>
| #include <stdlib.h>
| #include <wchar.h>
| #include <stdio.h>
| 
| // Check varargs macros.  These examples are taken from C99 6.10.3.5.
| #define debug(...) fprintf (stderr, __VA_ARGS__)
| #define showlist(...) puts (#__VA_ARGS__)
| #define report(test,...) ((test) ? puts (#test) : printf (__VA_ARGS__))
| static void
| test_varargs_macros (void)
| {
|   int x = 1234;
|   int y = 5678;
|   debug ("Flag");
|   debug ("X = %d\n", x);
|   showlist (The first, second, and third items.);
|   report (x>y, "x is %d but y is %d", x, y);
| }
| 
| // Check long long types.
| #define BIG64 18446744073709551615ull
| #define BIG32 4294967295ul
| #define BIG_OK (BIG64 / BIG32 == 4294967297ull && BIG64 % BIG32 == 0)
| #if !BIG_OK
|   your preprocessor is broken;
| #endif
| #if BIG_OK
| #else
|   your preprocessor is broken;
| #endif
| static long long int bignum = -9223372036854775807LL;
| static unsigned long long int ubignum = BIG64;
| 
| struct incomplete_array
| {
|   int datasize;
|   double data[];
| };
| 
| struct named_init {
|   int number;
|   const wchar_t *name;
|   double average;
| };
| 
| typedef const char *ccp;
| 
| static inline int
| test_restrict (ccp restrict text)
| {
|   // See if C++-style comments work.
|   // Iterate through items via the restricted pointer.
|   // Also check for declarations in for loops.
|   for (unsigned int i = 0; *(text+i) != '\0'; ++i)
|     continue;
|   return 0;
| }
| 
| // Check varargs and va_copy.
| static void
| test_varargs (const char *format, ...)
| {
|   va_list args;
|   va_start (args, format);
|   va_list args_copy;
|   va_copy (args_copy, args);
| 
|   const char *str;
|   int number;
|   float fnumber;
| 
|   while (*format)
|     {
|       switch (*format++)
| 	{
| 	case 's': // string
| 	  str = va_arg (args_copy, const char *);
| 	  break;
| 	case 'd': // int
| 	  number = va_arg (args_copy, int);
| 	  break;
| 	case 'f': // float
| 	  fnumber = va_arg (args_copy, double);
| 	  break;
| 	default:
| 	  break;
| 	}
|     }
|   va_end (args_copy);
|   va_end (args);
| }
| 
| int
| main ()
| {
| 
|   // Check bool.
|   _Bool success = false;
| 
|   // Check restrict.
|   if (test_restrict ("String literal") == 0)
|     success = true;
|   char *restrict newvar = "Another string";
| 
|   // Check varargs.
|   test_varargs ("s, d' f .", "string", 65, 34.234);
|   test_varargs_macros ();
| 
|   // Check flexible array members.
|   struct incomplete_array *ia =
|     malloc (sizeof (struct incomplete_array) + (sizeof (double) * 10));
|   ia->datasize = 10;
|   for (int i = 0; i < ia->datasize; ++i)
|     ia->data[i] = i * 1.234;
| 
|   // Check named initializers.
|   struct named_init ni = {
|     .number = 34,
|     .name = L"Test wide string",
|     .average = 543.34343,
|   };
| 
|   ni.number = 58;
| 
|   int dynamic_array[ni.number];
|   dynamic_array[ni.number - 1] = 543;
| 
|   // work around unused variable warnings
|   return (!success || bignum == 0LL || ubignum == 0uLL || newvar[0] == 'x'
| 	  || dynamic_array[ni.number - 1] != 543);
| 
|   ;
|   return 0;
| }
configure:4182: arm-linux-gcc -std=gnu99 -c -g -O2  conftest.c >&5
configure:4182: $? = 0
configure:4202: result: -std=gnu99
configure:4303: checking for arm-linux-gcc -std=gnu99 option to accept ISO Standard C
configure:4317: result: -std=gnu99
configure:4326: checking how to run the C preprocessor
configure:4357: arm-linux-gcc -std=gnu99 -E  conftest.c
configure:4357: $? = 0
configure:4371: arm-linux-gcc -std=gnu99 -E  conftest.c
conftest.c:11:28: fatal error: ac_nonexistent.h: No such file or directory
compilation terminated.
configure:4371: $? = 1
configure: failed program was:
| /* confdefs.h */
| #define PACKAGE_NAME "libjpeg"
| #define PACKAGE_TARNAME "libjpeg"
| #define PACKAGE_VERSION "9.1.0"
| #define PACKAGE_STRING "libjpeg 9.1.0"
| #define PACKAGE_BUGREPORT ""
| #define PACKAGE_URL ""
| #define PACKAGE "libjpeg"
| #define VERSION "9.1.0"
| /* end confdefs.h.  */
| #include <ac_nonexistent.h>
configure:4396: result: arm-linux-gcc -std=gnu99 -E
configure:4416: arm-linux-gcc -std=gnu99 -E  conftest.c
configure:4416: $? = 0
configure:4430: arm-linux-gcc -std=gnu99 -E  conftest.c
conftest.c:11:28: fatal error: ac_nonexistent.h: No such file or directory
compilation terminated.
configure:4430: $? = 1
configure: failed program was:
| /* confdefs.h */
| #define PACKAGE_NAME "libjpeg"
| #define PACKAGE_TARNAME "libjpeg"
| #define PACKAGE_VERSION "9.1.0"
| #define PACKAGE_STRING "libjpeg 9.1.0"
| #define PACKAGE_BUGREPORT ""
| #define PACKAGE_URL ""
| #define PACKAGE "libjpeg"
| #define VERSION "9.1.0"
| /* end confdefs.h.  */
| #include <ac_nonexistent.h>
configure:4459: checking whether make sets $(MAKE)
configure:4481: result: yes
configure:4490: checking whether ln -s works
configure:4494: result: yes
configure:4507: checking for arm-linux-ar
configure:4523: found /opt/TuxamitoSoftToolchains/arm-arm1176jzfssf-linux-gnueabi/gcc-4.6.4/bin/arm-linux-ar
configure:4534: result: arm-linux-ar
configure:4604: checking the archiver (arm-linux-ar) interface
configure:4620: arm-linux-gcc -std=gnu99 -c -g -O2  conftest.c >&5
configure:4620: $? = 0
configure:4622: arm-linux-ar cru libconftest.a conftest.o >&5
configure:4625: $? = 0
configure:4624: result: ar
configure:4653: checking if LD -Wl,--version-script works
configure:4677: arm-linux-gcc -std=gnu99 -o conftest -g -O2   -Wl,--version-script=conftest.map conftest.c  >&5
configure:4677: $? = 0
configure:4686: result: yes
configure:4699: checking for function prototypes
configure:4719: arm-linux-gcc -std=gnu99 -c -g -O2  conftest.c >&5
configure:4719: $? = 0
configure:4727: result: yes
configure:4748: checking for grep that handles long lines and -e
configure:4806: result: /usr/bin/grep
configure:4811: checking for egrep
configure:4873: result: /usr/bin/grep -E
configure:4878: checking for ANSI C header files
configure:4898: arm-linux-gcc -std=gnu99 -c -g -O2  conftest.c >&5
configure:4898: $? = 0
configure:4982: result: yes
configure:4995: checking for sys/types.h
configure:4995: arm-linux-gcc -std=gnu99 -c -g -O2  conftest.c >&5
configure:4995: $? = 0
configure:4995: result: yes
configure:4995: checking for sys/stat.h
configure:4995: arm-linux-gcc -std=gnu99 -c -g -O2  conftest.c >&5
configure:4995: $? = 0
configure:4995: result: yes
configure:4995: checking for stdlib.h
configure:4995: arm-linux-gcc -std=gnu99 -c -g -O2  conftest.c >&5
configure:4995: $? = 0
configure:4995: result: yes
configure:4995: checking for string.h
configure:4995: arm-linux-gcc -std=gnu99 -c -g -O2  conftest.c >&5
configure:4995: $? = 0
configure:4995: result: yes
configure:4995: checking for memory.h
configure:4995: arm-linux-gcc -std=gnu99 -c -g -O2  conftest.c >&5
configure:4995: $? = 0
configure:4995: result: yes
configure:4995: checking for strings.h
configure:4995: arm-linux-gcc -std=gnu99 -c -g -O2  conftest.c >&5
configure:4995: $? = 0
configure:4995: result: yes
configure:4995: checking for inttypes.h
configure:4995: arm-linux-gcc -std=gnu99 -c -g -O2  conftest.c >&5
configure:4995: $? = 0
configure:4995: result: yes
configure:4995: checking for stdint.h
configure:4995: arm-linux-gcc -std=gnu99 -c -g -O2  conftest.c >&5
configure:4995: $? = 0
configure:4995: result: yes
configure:4995: checking for unistd.h
configure:4995: arm-linux-gcc -std=gnu99 -c -g -O2  conftest.c >&5
configure:4995: $? = 0
configure:4995: result: yes
configure:5010: checking stddef.h usability
configure:5010: arm-linux-gcc -std=gnu99 -c -g -O2  conftest.c >&5
configure:5010: $? = 0
configure:5010: result: yes
configure:5010: checking stddef.h presence
configure:5010: arm-linux-gcc -std=gnu99 -E  conftest.c
configure:5010: $? = 0
configure:5010: result: yes
configure:5010: checking for stddef.h
configure:5010: result: yes
configure:5010: checking for stdlib.h
configure:5010: result: yes
configure:5010: checking locale.h usability
configure:5010: arm-linux-gcc -std=gnu99 -c -g -O2  conftest.c >&5
configure:5010: $? = 0
configure:5010: result: yes
configure:5010: checking locale.h presence
configure:5010: arm-linux-gcc -std=gnu99 -E  conftest.c
configure:5010: $? = 0
configure:5010: result: yes
configure:5010: checking for locale.h
configure:5010: result: yes
configure:5020: checking for string.h
configure:5020: result: yes
configure:5033: checking for size_t
configure:5060: arm-linux-gcc -std=gnu99 -c -g -O2  conftest.c >&5
configure:5060: $? = 0
configure:5066: result: yes
configure:5102: checking for type unsigned char
configure:5115: arm-linux-gcc -std=gnu99 -c -g -O2  conftest.c >&5
configure:5115: $? = 0
configure:5116: result: yes
configure:5127: checking for type unsigned short
configure:5140: arm-linux-gcc -std=gnu99 -c -g -O2  conftest.c >&5
configure:5140: $? = 0
configure:5141: result: yes
configure:5152: checking for type void
configure:5186: arm-linux-gcc -std=gnu99 -c -g -O2  conftest.c >&5
configure:5186: $? = 0
configure:5187: result: yes
configure:5197: checking for an ANSI C-conforming const
configure:5263: arm-linux-gcc -std=gnu99 -c -g -O2  conftest.c >&5
configure:5263: $? = 0
configure:5270: result: yes
configure:5280: checking for inline
configure:5295: arm-linux-gcc -std=gnu99 -c -g -O2  conftest.c >&5
configure:5295: $? = 0
configure:5333: result: __inline__
configure:5342: checking for broken incomplete types
configure:5355: arm-linux-gcc -std=gnu99 -c -g -O2  conftest.c >&5
configure:5355: $? = 0
configure:5356: result: ok
configure:5368: checking for short external names
configure:5384: arm-linux-gcc -std=gnu99 -o conftest -g -O2   conftest.c  >&5
configure:5384: $? = 0
configure:5385: result: ok
configure:5398: checking to see if char is signed
configure:5402: WARNING: Assuming that char is signed on target machine.
    If it is unsigned, this will be a little bit inefficient.
configure:5450: checking to see if right shift is signed
configure:5453: result: Assuming that right shift is signed on target machine.
configure:5505: checking to see if fopen accepts b spec
configure:5508: result: Assuming that it does.
configure:5889: checking how to print strings
configure:5916: result: printf
configure:5937: checking for a sed that does not truncate output
configure:6001: result: /usr/bin/sed
configure:6019: checking for fgrep
configure:6081: result: /usr/bin/grep -F
configure:6116: checking for ld used by arm-linux-gcc -std=gnu99
configure:6183: result: /opt/TuxamitoSoftToolchains/arm-arm1176jzfssf-linux-gnueabi/gcc-4.6.4/arm-arm1176jzfssf-linux-gnueabi/bin/ld
configure:6190: checking if the linker (/opt/TuxamitoSoftToolchains/arm-arm1176jzfssf-linux-gnueabi/gcc-4.6.4/arm-arm1176jzfssf-linux-gnueabi/bin/ld) is GNU ld
configure:6205: result: yes
configure:6217: checking for BSD- or MS-compatible name lister (nm)
configure:6266: result: /opt/TuxamitoSoftToolchains/arm-arm1176jzfssf-linux-gnueabi/gcc-4.6.4/bin/arm-linux-nm -B
configure:6396: checking the name lister (/opt/TuxamitoSoftToolchains/arm-arm1176jzfssf-linux-gnueabi/gcc-4.6.4/bin/arm-linux-nm -B) interface
configure:6403: arm-linux-gcc -std=gnu99 -c -g -O2  conftest.c >&5
configure:6406: /opt/TuxamitoSoftToolchains/arm-arm1176jzfssf-linux-gnueabi/gcc-4.6.4/bin/arm-linux-nm -B "conftest.o"
configure:6409: output
00000000 B some_variable
configure:6410: result: BSD nm
configure:6414: checking the maximum length of command line arguments
configure:6544: result: 1572864
configure:6561: checking whether the shell understands some XSI constructs
configure:6570: result: yes
configure:6574: checking whether the shell understands "+="
configure:6578: result: yes
configure:6613: checking how to convert x86_64-unknown-linux-gnu file names to arm-unknown-linux-gnu format
configure:6653: result: func_convert_file_noop
configure:6660: checking how to convert x86_64-unknown-linux-gnu file names to toolchain format
configure:6680: result: func_convert_file_noop
configure:6687: checking for /opt/TuxamitoSoftToolchains/arm-arm1176jzfssf-linux-gnueabi/gcc-4.6.4/arm-arm1176jzfssf-linux-gnueabi/bin/ld option to reload object files
configure:6694: result: -r
configure:6728: checking for arm-linux-objdump
configure:6755: result: objdump
configure:6824: checking how to recognize dependent libraries
configure:7026: result: pass_all
configure:7071: checking for arm-linux-dlltool
configure:7098: result: dlltool
configure:7168: checking how to associate runtime and link libraries
configure:7195: result: printf %s\n
configure:7211: checking for arm-linux-ar
configure:7238: result: arm-linux-ar
configure:7319: checking for archiver @FILE support
configure:7336: arm-linux-gcc -std=gnu99 -c -g -O2  conftest.c >&5
configure:7336: $? = 0
configure:7339: arm-linux-ar cru libconftest.a @conftest.lst >&5
configure:7342: $? = 0
configure:7347: arm-linux-ar cru libconftest.a @conftest.lst >&5
arm-linux-ar: conftest.o: No such file or directory
configure:7350: $? = 1
configure:7349: result: @
configure:7367: checking for arm-linux-strip
configure:7394: result: arm-linux-strip
configure:7466: checking for arm-linux-ranlib
configure:7482: found /opt/TuxamitoSoftToolchains/arm-arm1176jzfssf-linux-gnueabi/gcc-4.6.4/bin/arm-linux-ranlib
configure:7493: result: arm-linux-ranlib
configure:7635: checking command to parse /opt/TuxamitoSoftToolchains/arm-arm1176jzfssf-linux-gnueabi/gcc-4.6.4/bin/arm-linux-nm -B output from arm-linux-gcc -std=gnu99 object
configure:7755: arm-linux-gcc -std=gnu99 -c -g -O2  conftest.c >&5
configure:7758: $? = 0
configure:7762: /opt/TuxamitoSoftToolchains/arm-arm1176jzfssf-linux-gnueabi/gcc-4.6.4/bin/arm-linux-nm -B conftest.o \| sed -n -e 's/^.*[ ]\([ABCDGIRSTW][ABCDGIRSTW]*\)[ ][ ]*\([_A-Za-z][_A-Za-z0-9]*\)$/\1 \2 \2/p' | sed '/ __gnu_lto/d' \> conftest.nm
configure:7765: $? = 0
configure:7831: arm-linux-gcc -std=gnu99 -o conftest -g -O2   conftest.c conftstm.o >&5
configure:7834: $? = 0
configure:7872: result: ok
configure:7909: checking for sysroot
configure:7939: result: no
configure:8155: checking for arm-linux-mt
configure:8185: result: no
configure:8195: checking for mt
configure:8211: found /usr/bin/mt
configure:8222: result: mt
configure:8234: WARNING: using cross tools not prefixed with host triplet
configure:8245: checking if mt is a manifest tool
configure:8251: mt '-?'
configure:8259: result: no
configure:8898: checking for dlfcn.h
configure:8898: arm-linux-gcc -std=gnu99 -c -g -O2  conftest.c >&5
configure:8898: $? = 0
configure:8898: result: yes
configure:9102: checking for objdir
configure:9117: result: .libs
configure:9384: checking if arm-linux-gcc -std=gnu99 supports -fno-rtti -fno-exceptions
configure:9402: arm-linux-gcc -std=gnu99 -c -g -O2  -fno-rtti -fno-exceptions conftest.c >&5
cc1: warning: command line option '-fno-rtti' is valid for C++/ObjC++ but not for C [enabled by default]
configure:9406: $? = 0
configure:9419: result: no
configure:9746: checking for arm-linux-gcc -std=gnu99 option to produce PIC
configure:9753: result: -fPIC -DPIC
configure:9761: checking if arm-linux-gcc -std=gnu99 PIC flag -fPIC -DPIC works
configure:9779: arm-linux-gcc -std=gnu99 -c -g -O2  -fPIC -DPIC -DPIC conftest.c >&5
configure:9783: $? = 0
configure:9796: result: yes
configure:9825: checking if arm-linux-gcc -std=gnu99 static flag -static works
configure:9853: result: yes
configure:9868: checking if arm-linux-gcc -std=gnu99 supports -c -o file.o
configure:9889: arm-linux-gcc -std=gnu99 -c -g -O2  -o out/conftest2.o conftest.c >&5
configure:9893: $? = 0
configure:9915: result: yes
configure:9923: checking if arm-linux-gcc -std=gnu99 supports -c -o file.o
configure:9970: result: yes
configure:10003: checking whether the arm-linux-gcc -std=gnu99 linker (/opt/TuxamitoSoftToolchains/arm-arm1176jzfssf-linux-gnueabi/gcc-4.6.4/arm-arm1176jzfssf-linux-gnueabi/bin/ld) supports shared libraries
configure:11156: result: yes
configure:11193: checking whether -lc should be explicitly linked in
configure:11201: arm-linux-gcc -std=gnu99 -c -g -O2  conftest.c >&5
configure:11204: $? = 0
configure:11219: arm-linux-gcc -std=gnu99 -shared  -fPIC -DPIC conftest.o  -v -Wl,-soname -Wl,conftest -o conftest 2\>\&1 \| /usr/bin/grep  -lc  \>/dev/null 2\>\&1
configure:11222: $? = 0
configure:11236: result: no
configure:11396: checking dynamic linker characteristics
configure:11907: arm-linux-gcc -std=gnu99 -o conftest -g -O2   -Wl,-rpath -Wl,/foo conftest.c  >&5
configure:11907: $? = 0
configure:12129: result: GNU/Linux ld.so
configure:12236: checking how to hardcode library paths into programs
configure:12261: result: immediate
configure:12801: checking whether stripping libraries is possible
configure:12806: result: yes
configure:12841: checking if libtool supports shared libraries
configure:12843: result: yes
configure:12846: checking whether to build shared libraries
configure:12867: result: yes
configure:12870: checking whether to build static libraries
configure:12874: result: yes
configure:10003: checking libjpeg version number
configure:10009: result: 10:0:1
configure:10115: checking that generated files are newer than configure
configure:10121: result: done
configure:10152: creating ./config.status

## ---------------------- ##
## Running config.status. ##
## ---------------------- ##

This file was extended by libjpeg config.status 9.1.0, which was
generated by GNU Autoconf 2.69.  Invocation command line was

  CONFIG_FILES    = 
  CONFIG_HEADERS  = 
  CONFIG_LINKS    = 
  CONFIG_COMMANDS = 
  $ ./config.status 

on gaifw-virtual-machine

config.status:1096: creating Makefile
config.status:1096: creating jconfig.h
config.status:1325: executing depfiles commands
config.status:1325: executing libtool commands

## ---------------- ##
## Cache variables. ##
## ---------------- ##

ac_cv_build=x86_64-unknown-linux-gnu
ac_cv_c_compiler_gnu=yes
ac_cv_c_const=yes
ac_cv_env_CC_set=set
ac_cv_env_CC_value=arm-linux-gcc
ac_cv_env_CFLAGS_set=
ac_cv_env_CFLAGS_value=
ac_cv_env_CPPFLAGS_set=
ac_cv_env_CPPFLAGS_value=
ac_cv_env_CPP_set=
ac_cv_env_CPP_value=
ac_cv_env_LDFLAGS_set=
ac_cv_env_LDFLAGS_value=
ac_cv_env_LIBS_set=
ac_cv_env_LIBS_value=
ac_cv_env_build_alias_set=
ac_cv_env_build_alias_value=
ac_cv_env_host_alias_set=set
ac_cv_env_host_alias_value=arm-linux
ac_cv_env_target_alias_set=
ac_cv_env_target_alias_value=
ac_cv_header_dlfcn_h=yes
ac_cv_header_inttypes_h=yes
ac_cv_header_locale_h=yes
ac_cv_header_memory_h=yes
ac_cv_header_stdc=yes
ac_cv_header_stddef_h=yes
ac_cv_header_stdint_h=yes
ac_cv_header_stdlib_h=yes
ac_cv_header_string_h=yes
ac_cv_header_strings_h=yes
ac_cv_header_sys_stat_h=yes
ac_cv_header_sys_types_h=yes
ac_cv_header_unistd_h=yes
ac_cv_host=arm-unknown-linux-gnu
ac_cv_objext=o
ac_cv_path_EGREP='/usr/bin/grep -E'
ac_cv_path_FGREP='/usr/bin/grep -F'
ac_cv_path_GREP=/usr/bin/grep
ac_cv_path_SED=/usr/bin/sed
ac_cv_path_install='/usr/bin/install -c'
ac_cv_path_mkdir=/usr/bin/mkdir
ac_cv_prog_AR=arm-linux-ar
ac_cv_prog_AWK=mawk
ac_cv_prog_CC=arm-linux-gcc
ac_cv_prog_CPP='arm-linux-gcc -std=gnu99 -E'
ac_cv_prog_DLLTOOL=dlltool
ac_cv_prog_OBJDUMP=objdump
ac_cv_prog_RANLIB=arm-linux-ranlib
ac_cv_prog_STRIP=arm-linux-strip
ac_cv_prog_ac_ct_MANIFEST_TOOL=mt
ac_cv_prog_cc_c89=
ac_cv_prog_cc_c99=-std=gnu99
ac_cv_prog_cc_g=yes
ac_cv_prog_cc_stdc=-std=gnu99
ac_cv_prog_make_make_set=yes
ac_cv_target=arm-unknown-linux-gnu
am_cv_CC_dependencies_compiler_type=gcc3
am_cv_ar_interface=ar
am_cv_make_support_nested_variables=yes
am_cv_prog_cc_c_o=yes
ijg_cv_have_prototypes=yes
ijg_cv_inline=__inline__
lt_cv_ar_at_file=@
lt_cv_archive_cmds_need_lc=no
lt_cv_deplibs_check_method=pass_all
lt_cv_file_magic_cmd='$MAGIC_CMD'
lt_cv_file_magic_test_file=
lt_cv_ld_reload_flag=-r
lt_cv_nm_interface='BSD nm'
lt_cv_objdir=.libs
lt_cv_path_LD=/opt/TuxamitoSoftToolchains/arm-arm1176jzfssf-linux-gnueabi/gcc-4.6.4/arm-arm1176jzfssf-linux-gnueabi/bin/ld
lt_cv_path_NM='/opt/TuxamitoSoftToolchains/arm-arm1176jzfssf-linux-gnueabi/gcc-4.6.4/bin/arm-linux-nm -B'
lt_cv_path_mainfest_tool=no
lt_cv_prog_compiler_c_o=yes
lt_cv_prog_compiler_pic='-fPIC -DPIC'
lt_cv_prog_compiler_pic_works=yes
lt_cv_prog_compiler_rtti_exceptions=no
lt_cv_prog_compiler_static_works=yes
lt_cv_prog_gnu_ld=yes
lt_cv_sharedlib_from_linklib_cmd='printf %s\n'
lt_cv_shlibpath_overrides_runpath=no
lt_cv_sys_global_symbol_pipe='sed -n -e '\''s/^.*[	 ]\([ABCDGIRSTW][ABCDGIRSTW]*\)[	 ][	 ]*\([_A-Za-z][_A-Za-z0-9]*\)$/\1 \2 \2/p'\'' | sed '\''/ __gnu_lto/d'\'''
lt_cv_sys_global_symbol_to_c_name_address='sed -n -e '\''s/^: \([^ ]*\)[ ]*$/  {\"\1\", (void *) 0},/p'\'' -e '\''s/^[ABCDGIRSTW]* \([^ ]*\) \([^ ]*\)$/  {"\2", (void *) \&\2},/p'\'''
lt_cv_sys_global_symbol_to_c_name_address_lib_prefix='sed -n -e '\''s/^: \([^ ]*\)[ ]*$/  {\"\1\", (void *) 0},/p'\'' -e '\''s/^[ABCDGIRSTW]* \([^ ]*\) \(lib[^ ]*\)$/  {"\2", (void *) \&\2},/p'\'' -e '\''s/^[ABCDGIRSTW]* \([^ ]*\) \([^ ]*\)$/  {"lib\2", (void *) \&\2},/p'\'''
lt_cv_sys_global_symbol_to_cdecl='sed -n -e '\''s/^T .* \(.*\)$/extern int \1();/p'\'' -e '\''s/^[ABCDGIRSTW]* .* \(.*\)$/extern char \1;/p'\'''
lt_cv_sys_max_cmd_len=1572864
lt_cv_to_host_file_cmd=func_convert_file_noop
lt_cv_to_tool_file_cmd=func_convert_file_noop

## ----------------- ##
## Output variables. ##
## ----------------- ##

ACLOCAL='${SHELL} /home/gaifw/桌面/jpeg_src/jpeg-9a/missing aclocal-1.14'
AMDEPBACKSLASH='\'
AMDEP_FALSE='#'
AMDEP_TRUE=''
AMTAR='$${TAR-tar}'
AM_BACKSLASH='\'
AM_DEFAULT_V='$(AM_DEFAULT_VERBOSITY)'
AM_DEFAULT_VERBOSITY='0'
AM_V='$(V)'
AR='arm-linux-ar'
AS='as'
AUTOCONF='${SHELL} /home/gaifw/桌面/jpeg_src/jpeg-9a/missing autoconf'
AUTOHEADER='echo autoheader ignored'
AUTOMAKE='${SHELL} /home/gaifw/桌面/jpeg_src/jpeg-9a/missing automake-1.14'
AWK='mawk'
CC='arm-linux-gcc -std=gnu99'
CCDEPMODE='depmode=gcc3'
CFLAGS='-g -O2'
CPP='arm-linux-gcc -std=gnu99 -E'
CPPFLAGS=''
CYGPATH_W='echo'
DEFS='-DHAVE_CONFIG_H'
DEPDIR='.deps'
DLLTOOL='dlltool'
DSYMUTIL=''
DUMPBIN=''
ECHO_C=''
ECHO_N='-n'
ECHO_T=''
EGREP='/usr/bin/grep -E'
EXEEXT=''
FGREP='/usr/bin/grep -F'
GREP='/usr/bin/grep'
HAVE_LD_VERSION_SCRIPT_FALSE='#'
HAVE_LD_VERSION_SCRIPT_TRUE=''
INSTALL_DATA='${INSTALL} -m 644'
INSTALL_PROGRAM='${INSTALL}'
INSTALL_SCRIPT='${INSTALL}'
INSTALL_STRIP_PROGRAM='$(install_sh) -c -s'
JPEG_LIB_VERSION='10:0:1'
LD='/opt/TuxamitoSoftToolchains/arm-arm1176jzfssf-linux-gnueabi/gcc-4.6.4/arm-arm1176jzfssf-linux-gnueabi/bin/ld'
LDFLAGS=''
LIBOBJS=''
LIBS=''
LIBTOOL='$(SHELL) $(top_builddir)/libtool'
LIPO=''
LN_S='ln -s'
LTLIBOBJS=''
MAINT='#'
MAINTAINER_MODE_FALSE=''
MAINTAINER_MODE_TRUE='#'
MAKEINFO='${SHELL} /home/gaifw/桌面/jpeg_src/jpeg-9a/missing makeinfo'
MANIFEST_TOOL=':'
MEMORYMGR='jmemnobs'
MKDIR_P='/usr/bin/mkdir -p'
NM='/opt/TuxamitoSoftToolchains/arm-arm1176jzfssf-linux-gnueabi/gcc-4.6.4/bin/arm-linux-nm -B'
NMEDIT=''
OBJDUMP='objdump'
OBJEXT='o'
OTOOL64=''
OTOOL=''
PACKAGE='libjpeg'
PACKAGE_BUGREPORT=''
PACKAGE_NAME='libjpeg'
PACKAGE_STRING='libjpeg 9.1.0'
PACKAGE_TARNAME='libjpeg'
PACKAGE_URL=''
PACKAGE_VERSION='9.1.0'
PATH_SEPARATOR=':'
RANLIB='arm-linux-ranlib'
SED='/usr/bin/sed'
SET_MAKE=''
SHELL='/bin/bash'
STRIP='arm-linux-strip'
VERSION='9.1.0'
ac_ct_AR=''
ac_ct_CC=''
ac_ct_DUMPBIN=''
am__EXEEXT_FALSE=''
am__EXEEXT_TRUE='#'
am__fastdepCC_FALSE='#'
am__fastdepCC_TRUE=''
am__include='include'
am__isrc=''
am__leading_dot='.'
am__nodep='_no'
am__quote=''
am__tar='$${TAR-tar} chof - "$$tardir"'
am__untar='$${TAR-tar} xf -'
bindir='${exec_prefix}/bin'
build='x86_64-unknown-linux-gnu'
build_alias=''
build_cpu='x86_64'
build_os='linux-gnu'
build_vendor='unknown'
datadir='${datarootdir}'
datarootdir='${prefix}/share'
docdir='${datarootdir}/doc/${PACKAGE_TARNAME}'
dvidir='${docdir}'
exec_prefix='${prefix}'
host='arm-unknown-linux-gnu'
host_alias='arm-linux'
host_cpu='arm'
host_os='linux-gnu'
host_vendor='unknown'
htmldir='${docdir}'
includedir='${prefix}/include'
infodir='${datarootdir}/info'
install_sh='${SHELL} /home/gaifw/桌面/jpeg_src/jpeg-9a/install-sh'
libdir='${exec_prefix}/lib'
libexecdir='${exec_prefix}/libexec'
localedir='${datarootdir}/locale'
localstatedir='${prefix}/var'
mandir='${datarootdir}/man'
mkdir_p='$(MKDIR_P)'
oldincludedir='/usr/include'
pdfdir='${docdir}'
prefix='/home/gaifw/桌面/jpeg/arm_jpeg'
program_transform_name='s,x,x,'
psdir='${docdir}'
sbindir='${exec_prefix}/sbin'
sharedstatedir='${prefix}/com'
sysconfdir='${prefix}/etc'
target='arm-unknown-linux-gnu'
target_alias=''
target_cpu='arm'
target_os='linux-gnu'
target_vendor='unknown'

## ----------- ##
## confdefs.h. ##
## ----------- ##

/* confdefs.h */
#define PACKAGE_NAME "libjpeg"
#define PACKAGE_TARNAME "libjpeg"
#define PACKAGE_VERSION "9.1.0"
#define PACKAGE_STRING "libjpeg 9.1.0"
#define PACKAGE_BUGREPORT ""
#define PACKAGE_URL ""
#define PACKAGE "libjpeg"
#define VERSION "9.1.0"
#define HAVE_PROTOTYPES 1
#define STDC_HEADERS 1
#define HAVE_SYS_TYPES_H 1
#define HAVE_SYS_STAT_H 1
#define HAVE_STDLIB_H 1
#define HAVE_STRING_H 1
#define HAVE_MEMORY_H 1
#define HAVE_STRINGS_H 1
#define HAVE_INTTYPES_H 1
#define HAVE_STDINT_H 1
#define HAVE_UNISTD_H 1
#define HAVE_STDDEF_H 1
#define HAVE_STDLIB_H 1
#define HAVE_LOCALE_H 1
#define HAVE_UNSIGNED_CHAR 1
#define HAVE_UNSIGNED_SHORT 1
#define INLINE __inline__
#define HAVE_DLFCN_H 1
#define LT_OBJDIR ".libs/"

configure: exit 0
