This file contains any messages produced by compilers while
running configure, to aid debugging if configure makes a mistake.

It was created by GaiFW_TEST configure 0.1.0, which was
generated by GNU Autoconf 2.69.  Invocation command line was

  $ ./configure 

## --------- ##
## Platform. ##
## --------- ##

hostname = kali
uname -m = x86_64
uname -r = 5.6.0-kali2-amd64
uname -s = Linux
uname -v = #1 SMP Debian 5.6.14-2kali1 (2020-06-10)

/usr/bin/uname -p = unknown
/bin/uname -X     = unknown

/bin/arch              = x86_64
/usr/bin/arch -k       = unknown
/usr/convex/getsysinfo = unknown
/usr/bin/hostinfo      = unknown
/bin/machine           = unknown
/usr/bin/oslevel       = unknown
/bin/universe          = unknown

PATH: /usr/local/sbin
PATH: /usr/local/bin
PATH: /usr/sbin
PATH: /usr/bin
PATH: /sbin
PATH: /bin


## ----------- ##
## Core tests. ##
## ----------- ##

configure:2204: checking for a BSD-compatible install
configure:2272: result: /usr/bin/install -c
configure:2283: checking whether build environment is sane
configure:2338: result: yes
configure:2487: checking for a thread-safe mkdir -p
configure:2526: result: /usr/bin/mkdir -p
configure:2533: checking for gawk
configure:2549: found /usr/bin/gawk
configure:2560: result: gawk
configure:2571: checking whether make sets $(MAKE)
configure:2593: result: yes
configure:2622: checking whether make supports nested variables
configure:2639: result: yes
configure:2816: checking for gcc
configure:2832: found /usr/bin/gcc
configure:2843: result: gcc
configure:3072: checking for C compiler version
configure:3081: gcc --version >&5
gcc (Debian 9.3.0-14) 9.3.0
Copyright (C) 2019 Free Software Foundation, Inc.
This is free software; see the source for copying conditions.  There is NO
warranty; not even for MERCHANTABILITY or FITNESS FOR A PARTICULAR PURPOSE.

configure:3092: $? = 0
configure:3081: gcc -v >&5
Using built-in specs.
COLLECT_GCC=gcc
COLLECT_LTO_WRAPPER=/usr/lib/gcc/x86_64-linux-gnu/9/lto-wrapper
OFFLOAD_TARGET_NAMES=nvptx-none:hsa
OFFLOAD_TARGET_DEFAULT=1
Target: x86_64-linux-gnu
Configured with: ../src/configure -v --with-pkgversion='Debian 9.3.0-14' --with-bugurl=file:///usr/share/doc/gcc-9/README.Bugs --enable-languages=c,ada,c++,go,brig,d,fortran,objc,obj-c++,gm2 --prefix=/usr --with-gcc-major-version-only --program-suffix=-9 --program-prefix=x86_64-linux-gnu- --enable-shared --enable-linker-build-id --libexecdir=/usr/lib --without-included-gettext --enable-threads=posix --libdir=/usr/lib --enable-nls --enable-bootstrap --enable-clocale=gnu --enable-libstdcxx-debug --enable-libstdcxx-time=yes --with-default-libstdcxx-abi=new --enable-gnu-unique-object --disable-vtable-verify --enable-plugin --enable-default-pie --with-system-zlib --with-target-system-zlib=auto --enable-objc-gc=auto --enable-multiarch --disable-werror --with-arch-32=i686 --with-abi=m64 --with-multilib-list=m32,m64,mx32 --enable-multilib --with-tune=generic --enable-offload-targets=nvptx-none=/build/gcc-9-aHzuVo/gcc-9-9.3.0/debian/tmp-nvptx/usr,hsa --without-cuda-driver --enable-checking=release --build=x86_64-linux-gnu --host=x86_64-linux-gnu --target=x86_64-linux-gnu --with-build-config=bootstrap-lto-lean --enable-link-mutex
Thread model: posix
gcc version 9.3.0 (Debian 9.3.0-14) 
configure:3092: $? = 0
configure:3081: gcc -V >&5
gcc: error: unrecognized command line option '-V'
gcc: fatal error: no input files
compilation terminated.
configure:3092: $? = 1
configure:3081: gcc -qversion >&5
gcc: error: unrecognized command line option '-qversion'; did you mean '--version'?
gcc: fatal error: no input files
compilation terminated.
configure:3092: $? = 1
configure:3112: checking whether the C compiler works
configure:3134: gcc    conftest.c  >&5
configure:3138: $? = 0
configure:3186: result: yes
configure:3189: checking for C compiler default output file name
configure:3191: result: a.out
configure:3197: checking for suffix of executables
configure:3204: gcc -o conftest    conftest.c  >&5
configure:3208: $? = 0
configure:3230: result: 
configure:3252: checking whether we are cross compiling
configure:3260: gcc -o conftest    conftest.c  >&5
configure:3264: $? = 0
configure:3271: ./conftest
configure:3275: $? = 0
configure:3263: result: no
configure:3268: checking for suffix of object files
configure:3290: gcc -c   conftest.c >&5
configure:3294: $? = 0
configure:3315: result: o
configure:3319: checking whether we are using the GNU C compiler
configure:3338: gcc -c   conftest.c >&5
configure:3338: $? = 0
configure:3347: result: yes
configure:3356: checking whether gcc accepts -g
configure:3376: gcc -c -g  conftest.c >&5
configure:3376: $? = 0
configure:3417: result: yes
configure:3434: checking for gcc option to accept ISO C89
configure:3497: gcc  -c -g -O2  conftest.c >&5
configure:3497: $? = 0
configure:3510: result: none needed
configure:3535: checking whether gcc understands -c and -o together
configure:3557: gcc -c conftest.c -o conftest2.o
configure:3560: $? = 0
configure:3557: gcc -c conftest.c -o conftest2.o
configure:3560: $? = 0
configure:3572: result: yes
configure:3592: checking whether make supports the include directive
configure:3607: make -f confmf.GNU && cat confinc.out
this is the am__doit target
configure:3610: $? = 0
configure:3629: result: yes (GNU style)
configure:3654: checking dependency style of gcc
configure:3765: result: gcc3
configure:3781: checking whether gcc and cc understand -c and -o together
configure:3812: gcc -c conftest.c -o conftest2.o >&5
configure:3816: $? = 0
configure:3822: gcc -c conftest.c -o conftest2.o >&5
configure:3826: $? = 0
configure:3837: cc -c conftest.c >&5
configure:3841: $? = 0
configure:3849: cc -c conftest.c -o conftest2.o >&5
configure:3853: $? = 0
configure:3859: cc -c conftest.c -o conftest2.o >&5
configure:3863: $? = 0
configure:3881: result: yes
configure:3895: checking for main in -lfunc
configure:3914: gcc -o conftest -g -O2   conftest.c -lfunc   >&5
/usr/bin/ld: cannot find -lfunc
collect2: error: ld returned 1 exit status
configure:3914: $? = 1
configure: failed program was:
| /* confdefs.h */
| #define PACKAGE_NAME "GaiFW_TEST"
| #define PACKAGE_TARNAME "gaifw_test"
| #define PACKAGE_VERSION "0.1.0"
| #define PACKAGE_STRING "GaiFW_TEST 0.1.0"
| #define PACKAGE_BUGREPORT "1114594939@qq.com"
| #define PACKAGE_URL ""
| #define PACKAGE "gaifw_test"
| #define VERSION "0.1.0"
| /* end confdefs.h.  */
| 
| 
| int
| main ()
| {
| return main ();
|   ;
|   return 0;
| }
configure:3923: result: no
configure:3985: checking for ar
configure:4001: found /usr/bin/ar
configure:4012: result: ar
configure:4038: checking the archiver (ar) interface
configure:4054: gcc -c -g -O2  conftest.c >&5
configure:4054: $? = 0
configure:4056: ar cru libconftest.a conftest.o >&5
ar: `u' modifier ignored since `D' is the default (see `U')
configure:4059: $? = 0
configure:4058: result: ar
configure:4121: checking for ranlib
configure:4137: found /usr/bin/ranlib
configure:4148: result: ranlib
configure:4177: checking how to run the C preprocessor
configure:4208: gcc -E  conftest.c
configure:4208: $? = 0
configure:4222: gcc -E  conftest.c
conftest.c:11:10: fatal error: ac_nonexistent.h: No such file or directory
   11 | #include <ac_nonexistent.h>
      |          ^~~~~~~~~~~~~~~~~~
compilation terminated.
configure:4222: $? = 1
configure: failed program was:
| /* confdefs.h */
| #define PACKAGE_NAME "GaiFW_TEST"
| #define PACKAGE_TARNAME "gaifw_test"
| #define PACKAGE_VERSION "0.1.0"
| #define PACKAGE_STRING "GaiFW_TEST 0.1.0"
| #define PACKAGE_BUGREPORT "1114594939@qq.com"
| #define PACKAGE_URL ""
| #define PACKAGE "gaifw_test"
| #define VERSION "0.1.0"
| /* end confdefs.h.  */
| #include <ac_nonexistent.h>
configure:4247: result: gcc -E
configure:4267: gcc -E  conftest.c
configure:4267: $? = 0
configure:4281: gcc -E  conftest.c
conftest.c:11:10: fatal error: ac_nonexistent.h: No such file or directory
   11 | #include <ac_nonexistent.h>
      |          ^~~~~~~~~~~~~~~~~~
compilation terminated.
configure:4281: $? = 1
configure: failed program was:
| /* confdefs.h */
| #define PACKAGE_NAME "GaiFW_TEST"
| #define PACKAGE_TARNAME "gaifw_test"
| #define PACKAGE_VERSION "0.1.0"
| #define PACKAGE_STRING "GaiFW_TEST 0.1.0"
| #define PACKAGE_BUGREPORT "1114594939@qq.com"
| #define PACKAGE_URL ""
| #define PACKAGE "gaifw_test"
| #define VERSION "0.1.0"
| /* end confdefs.h.  */
| #include <ac_nonexistent.h>
configure:4310: checking for grep that handles long lines and -e
configure:4368: result: /usr/bin/grep
configure:4373: checking for egrep
configure:4435: result: /usr/bin/grep -E
configure:4440: checking for ANSI C header files
configure:4460: gcc -c -g -O2  conftest.c >&5
configure:4460: $? = 0
configure:4533: gcc -o conftest -g -O2   conftest.c  >&5
configure:4533: $? = 0
configure:4533: ./conftest
configure:4533: $? = 0
configure:4544: result: yes
configure:4557: checking for sys/types.h
configure:4557: gcc -c -g -O2  conftest.c >&5
configure:4557: $? = 0
configure:4557: result: yes
configure:4557: checking for sys/stat.h
configure:4557: gcc -c -g -O2  conftest.c >&5
configure:4557: $? = 0
configure:4557: result: yes
configure:4557: checking for stdlib.h
configure:4557: gcc -c -g -O2  conftest.c >&5
configure:4557: $? = 0
configure:4557: result: yes
configure:4557: checking for string.h
configure:4557: gcc -c -g -O2  conftest.c >&5
configure:4557: $? = 0
configure:4557: result: yes
configure:4557: checking for memory.h
configure:4557: gcc -c -g -O2  conftest.c >&5
configure:4557: $? = 0
configure:4557: result: yes
configure:4557: checking for strings.h
configure:4557: gcc -c -g -O2  conftest.c >&5
configure:4557: $? = 0
configure:4557: result: yes
configure:4557: checking for inttypes.h
configure:4557: gcc -c -g -O2  conftest.c >&5
configure:4557: $? = 0
configure:4557: result: yes
configure:4557: checking for stdint.h
configure:4557: gcc -c -g -O2  conftest.c >&5
configure:4557: $? = 0
configure:4557: result: yes
configure:4557: checking for unistd.h
configure:4557: gcc -c -g -O2  conftest.c >&5
configure:4557: $? = 0
configure:4557: result: yes
configure:4572: checking for stdlib.h
configure:4572: result: yes
configure:4572: checking for string.h
configure:4572: result: yes
configure:4588: checking for stdlib.h
configure:4588: result: yes
configure:4598: checking for GNU libc compatible malloc
configure:4622: gcc -o conftest -g -O2   conftest.c  >&5
configure:4622: $? = 0
configure:4622: ./conftest
configure:4622: $? = 0
configure:4632: result: yes
configure:4655: checking for stdlib.h
configure:4655: result: yes
configure:4665: checking for GNU libc compatible realloc
configure:4689: gcc -o conftest -g -O2   conftest.c  >&5
configure:4689: $? = 0
configure:4689: ./conftest
configure:4689: $? = 0
configure:4699: result: yes
configure:4722: checking for memset
configure:4722: gcc -o conftest -g -O2   conftest.c  >&5
conftest.c:50:6: warning: conflicting types for built-in function 'memset'; expected 'void *(void *, int,  long unsigned int)' [-Wbuiltin-declaration-mismatch]
   50 | char memset ();
      |      ^~~~~~
conftest.c:38:1: note: 'memset' is declared in header '<string.h>'
   37 | # include <limits.h>
   38 | #else
configure:4722: $? = 0
configure:4722: result: yes
configure:4835: checking that generated files are newer than configure
configure:4841: result: done
configure:4864: creating ./config.status

## ---------------------- ##
## Running config.status. ##
## ---------------------- ##

This file was extended by GaiFW_TEST config.status 0.1.0, which was
generated by GNU Autoconf 2.69.  Invocation command line was

  CONFIG_FILES    = 
  CONFIG_HEADERS  = 
  CONFIG_LINKS    = 
  CONFIG_COMMANDS = 
  $ ./config.status 

on kali

config.status:861: creating Makefile
config.status:861: creating lib/Makefile
config.status:861: creating src/Makefile
config.status:861: creating config.h
config.status:1090: executing depfiles commands
config.status:1167: cd lib       && sed -e '/# am--include-marker/d' Makefile         | make -f - am--depfiles
config.status:1172: $? = 0
config.status:1167: cd src       && sed -e '/# am--include-marker/d' Makefile         | make -f - am--depfiles
make: Nothing to be done for 'am--depfiles'.
config.status:1172: $? = 0

## ---------------- ##
## Cache variables. ##
## ---------------- ##

ac_cv_c_compiler_gnu=yes
ac_cv_env_CC_set=
ac_cv_env_CC_value=
ac_cv_env_CFLAGS_set=
ac_cv_env_CFLAGS_value=
ac_cv_env_CPPFLAGS_set=
ac_cv_env_CPPFLAGS_value=
ac_cv_env_CPP_set=
ac_cv_env_CPP_value=
ac_cv_env_LDFLAGS_set=
ac_cv_env_LDFLAGS_value=
ac_cv_env_LIBS_set=
ac_cv_env_LIBS_value=
ac_cv_env_build_alias_set=
ac_cv_env_build_alias_value=
ac_cv_env_host_alias_set=
ac_cv_env_host_alias_value=
ac_cv_env_target_alias_set=
ac_cv_env_target_alias_value=
ac_cv_func_malloc_0_nonnull=yes
ac_cv_func_memset=yes
ac_cv_func_realloc_0_nonnull=yes
ac_cv_header_inttypes_h=yes
ac_cv_header_memory_h=yes
ac_cv_header_stdc=yes
ac_cv_header_stdint_h=yes
ac_cv_header_stdlib_h=yes
ac_cv_header_string_h=yes
ac_cv_header_strings_h=yes
ac_cv_header_sys_stat_h=yes
ac_cv_header_sys_types_h=yes
ac_cv_header_unistd_h=yes
ac_cv_lib_func_main=no
ac_cv_objext=o
ac_cv_path_EGREP='/usr/bin/grep -E'
ac_cv_path_GREP=/usr/bin/grep
ac_cv_path_install='/usr/bin/install -c'
ac_cv_path_mkdir=/usr/bin/mkdir
ac_cv_prog_AWK=gawk
ac_cv_prog_CPP='gcc -E'
ac_cv_prog_ac_ct_AR=ar
ac_cv_prog_ac_ct_CC=gcc
ac_cv_prog_ac_ct_RANLIB=ranlib
ac_cv_prog_cc_c89=
ac_cv_prog_cc_g=yes
ac_cv_prog_cc_gcc_c_o=yes
ac_cv_prog_make_make_set=yes
am_cv_CC_dependencies_compiler_type=gcc3
am_cv_ar_interface=ar
am_cv_make_support_nested_variables=yes
am_cv_prog_cc_c_o=yes

## ----------------- ##
## Output variables. ##
## ----------------- ##

ACLOCAL='${SHELL} /home/gaifw/桌面/GaiFW_C/13_exercise/project_静态/missing aclocal-1.16'
AMDEPBACKSLASH='\'
AMDEP_FALSE='#'
AMDEP_TRUE=''
AMTAR='$${TAR-tar}'
AM_BACKSLASH='\'
AM_DEFAULT_V='$(AM_DEFAULT_VERBOSITY)'
AM_DEFAULT_VERBOSITY='1'
AM_V='$(V)'
AR='ar'
AUTOCONF='${SHELL} /home/gaifw/桌面/GaiFW_C/13_exercise/project_静态/missing autoconf'
AUTOHEADER='${SHELL} /home/gaifw/桌面/GaiFW_C/13_exercise/project_静态/missing autoheader'
AUTOMAKE='${SHELL} /home/gaifw/桌面/GaiFW_C/13_exercise/project_静态/missing automake-1.16'
AWK='gawk'
CC='gcc'
CCDEPMODE='depmode=gcc3'
CFLAGS='-g -O2'
CPP='gcc -E'
CPPFLAGS=''
CYGPATH_W='echo'
DEFS='-DHAVE_CONFIG_H'
DEPDIR='.deps'
ECHO_C=''
ECHO_N='-n'
ECHO_T=''
EGREP='/usr/bin/grep -E'
EXEEXT=''
GREP='/usr/bin/grep'
INSTALL_DATA='${INSTALL} -m 644'
INSTALL_PROGRAM='${INSTALL}'
INSTALL_SCRIPT='${INSTALL}'
INSTALL_STRIP_PROGRAM='$(install_sh) -c -s'
LDFLAGS=''
LIBOBJS=''
LIBS=''
LTLIBOBJS=''
MAKEINFO='${SHELL} /home/gaifw/桌面/GaiFW_C/13_exercise/project_静态/missing makeinfo'
MKDIR_P='/usr/bin/mkdir -p'
OBJEXT='o'
PACKAGE='gaifw_test'
PACKAGE_BUGREPORT='1114594939@qq.com'
PACKAGE_NAME='GaiFW_TEST'
PACKAGE_STRING='GaiFW_TEST 0.1.0'
PACKAGE_TARNAME='gaifw_test'
PACKAGE_URL=''
PACKAGE_VERSION='0.1.0'
PATH_SEPARATOR=':'
RANLIB='ranlib'
SET_MAKE=''
SHELL='/bin/bash'
STRIP=''
VERSION='0.1.0'
ac_ct_AR='ar'
ac_ct_CC='gcc'
am__EXEEXT_FALSE=''
am__EXEEXT_TRUE='#'
am__fastdepCC_FALSE='#'
am__fastdepCC_TRUE=''
am__include='include'
am__isrc=''
am__leading_dot='.'
am__nodep='_no'
am__quote=''
am__tar='$${TAR-tar} chof - "$$tardir"'
am__untar='$${TAR-tar} xf -'
bindir='${exec_prefix}/bin'
build_alias=''
datadir='${datarootdir}'
datarootdir='${prefix}/share'
docdir='${datarootdir}/doc/${PACKAGE_TARNAME}'
dvidir='${docdir}'
exec_prefix='${prefix}'
host_alias=''
htmldir='${docdir}'
includedir='${prefix}/include'
infodir='${datarootdir}/info'
install_sh='${SHELL} /home/gaifw/桌面/GaiFW_C/13_exercise/project_静态/install-sh'
libdir='${exec_prefix}/lib'
libexecdir='${exec_prefix}/libexec'
localedir='${datarootdir}/locale'
localstatedir='${prefix}/var'
mandir='${datarootdir}/man'
mkdir_p='$(MKDIR_P)'
oldincludedir='/usr/include'
pdfdir='${docdir}'
prefix='/usr/local'
program_transform_name='s,x,x,'
psdir='${docdir}'
runstatedir='${localstatedir}/run'
sbindir='${exec_prefix}/sbin'
sharedstatedir='${prefix}/com'
sysconfdir='${prefix}/etc'
target_alias=''

## ----------- ##
## confdefs.h. ##
## ----------- ##

/* confdefs.h */
#define PACKAGE_NAME "GaiFW_TEST"
#define PACKAGE_TARNAME "gaifw_test"
#define PACKAGE_VERSION "0.1.0"
#define PACKAGE_STRING "GaiFW_TEST 0.1.0"
#define PACKAGE_BUGREPORT "1114594939@qq.com"
#define PACKAGE_URL ""
#define PACKAGE "gaifw_test"
#define VERSION "0.1.0"
#define STDC_HEADERS 1
#define HAVE_SYS_TYPES_H 1
#define HAVE_SYS_STAT_H 1
#define HAVE_STDLIB_H 1
#define HAVE_STRING_H 1
#define HAVE_MEMORY_H 1
#define HAVE_STRINGS_H 1
#define HAVE_INTTYPES_H 1
#define HAVE_STDINT_H 1
#define HAVE_UNISTD_H 1
#define HAVE_STDLIB_H 1
#define HAVE_STRING_H 1
#define HAVE_STDLIB_H 1
#define HAVE_MALLOC 1
#define HAVE_STDLIB_H 1
#define HAVE_REALLOC 1
#define HAVE_MEMSET 1

configure: exit 0
